cw/app/build/intermediates/manifest_merge_blame_file/debug/manifest-merger-blame-debug-report.txt
1<?xml version="1.0" encoding="utf-8"?>
2<manifest xmlns:android="http://schemas.android.com/apk/res/android"
3    package="com.example.orangeline"
4    android:versionCode="1"
5    android:versionName="1.0" >
6
7    <uses-sdk
8        android:minSdkVersion="19"
8-->src\main\AndroidManifest.xml
9        android:targetSdkVersion="30" />
9-->src\main\AndroidManifest.xml
10
11    <!-- 인터넷 사용 권한 설정 -->
12    <uses-permission android:name="android.permission.INTERNET" />
12-->src\main\AndroidManifest.xml:6:5-67
12-->src\main\AndroidManifest.xml:6:22-64
13
14    <queries>
14-->[com.kakao.sdk:v2-navi:2.2.0] AndroidManifest.xml:11:5-14:15
15        <package android:name="com.locnall.KimGiSa" />
15-->[com.kakao.sdk:v2-navi:2.2.0] AndroidManifest.xml:12:9-55
15-->[com.kakao.sdk:v2-navi:2.2.0] AndroidManifest.xml:12:18-52
16        <package android:name="com.lguplus.navi" />
16-->[com.kakao.sdk:v2-navi:2.2.0] AndroidManifest.xml:13:9-52
16-->[com.kakao.sdk:v2-navi:2.2.0] AndroidManifest.xml:13:18-49
17        <package android:name="com.kakao.talk" />
17-->[com.kakao.sdk:v2-common:2.2.0] AndroidManifest.xml:12:9-50
17-->[com.kakao.sdk:v2-common:2.2.0] AndroidManifest.xml:12:18-47
18        <package android:name="com.kakao.onetalk" />
18-->[com.kakao.sdk:v2-common:2.2.0] AndroidManifest.xml:13:9-53
18-->[com.kakao.sdk:v2-common:2.2.0] AndroidManifest.xml:13:18-50
19        <package android:name="com.android.chrome" />
19-->[com.kakao.sdk:v2-common:2.2.0] AndroidManifest.xml:14:9-54
19-->[com.kakao.sdk:v2-common:2.2.0] AndroidManifest.xml:14:18-51
20        <package android:name="com.chrome.beta" />
20-->[com.kakao.sdk:v2-common:2.2.0] AndroidManifest.xml:15:9-51
20-->[com.kakao.sdk:v2-common:2.2.0] AndroidManifest.xml:15:18-48
21        <package android:name="com.chrome.dev" />
21-->[com.kakao.sdk:v2-common:2.2.0] AndroidManifest.xml:16:9-50
21-->[com.kakao.sdk:v2-common:2.2.0] AndroidManifest.xml:16:18-47
22    </queries>
23
24    <application
24-->src\main\AndroidManifest.xml:8:5-37:19
25        android:name="com.example.orangeline.GlobalApplication"
25-->src\main\AndroidManifest.xml:9:9-42
26        android:allowBackup="true"
26-->src\main\AndroidManifest.xml:10:9-35
27        android:appComponentFactory="androidx.core.app.CoreComponentFactory"
27-->[androidx.core:core:1.3.1] AndroidManifest.xml:24:18-86
28        android:debuggable="true"
29        android:icon="@mipmap/ic_launcher"
29-->src\main\AndroidManifest.xml:11:9-43
30        android:label="@string/app_name"
30-->src\main\AndroidManifest.xml:12:9-41
31        android:roundIcon="@mipmap/ic_launcher_round"
31-->src\main\AndroidManifest.xml:13:9-54
32        android:supportsRtl="true"
32-->src\main\AndroidManifest.xml:14:9-35
33        android:testOnly="true"
34        android:theme="@style/Theme.OrangeLine" >
34-->src\main\AndroidManifest.xml:15:9-48
35        <activity
35-->src\main\AndroidManifest.xml:17:9-27:20
36            android:name="com.kakao.sdk.auth.AuthCodeHandlerActivity"
36-->src\main\AndroidManifest.xml:17:19-76
37            android:launchMode="singleTask"
37-->[com.kakao.sdk:v2-auth:2.2.0] AndroidManifest.xml:19:13-44
38            android:theme="@style/TransparentCompat" >
38-->[com.kakao.sdk:v2-auth:2.2.0] AndroidManifest.xml:20:13-53
39            <intent-filter>
39-->src\main\AndroidManifest.xml:18:13-26:29
40                <action android:name="android.intent.action.VIEW" />
40-->src\main\AndroidManifest.xml:19:17-69
40-->src\main\AndroidManifest.xml:19:25-66
41
42                <category android:name="android.intent.category.DEFAULT" />
42-->src\main\AndroidManifest.xml:20:17-76
42-->src\main\AndroidManifest.xml:20:27-73
43                <category android:name="android.intent.category.BROWSABLE" />
43-->src\main\AndroidManifest.xml:21:17-78
43-->src\main\AndroidManifest.xml:21:27-75
44
45                <!-- Redirect URI: "kakao{NATIVE_APP_KEY}://oauth“ -->
46                <data
46-->src\main\AndroidManifest.xml:24:17-25:65
47                    android:host="oauth"
47-->src\main\AndroidManifest.xml:24:23-43
48                    android:scheme="@string/kakao_native_key" />
48-->src\main\AndroidManifest.xml:25:21-62
49            </intent-filter>
50        </activity>
51        <activity android:name="com.example.orangeline.LoginActivity" >
51-->src\main\AndroidManifest.xml:29:9-35:20
51-->src\main\AndroidManifest.xml:29:19-48
52            <intent-filter>
52-->src\main\AndroidManifest.xml:30:13-34:29
53                <action android:name="android.intent.action.MAIN" />
53-->src\main\AndroidManifest.xml:31:17-69
53-->src\main\AndroidManifest.xml:31:25-66
54
55                <category android:name="android.intent.category.LAUNCHER" />
55-->src\main\AndroidManifest.xml:33:17-77
55-->src\main\AndroidManifest.xml:33:27-74
56            </intent-filter>
57        </activity>
58        <activity android:name="com.example.orangeline.MainActivity" />
58-->src\main\AndroidManifest.xml:36:9-49
58-->src\main\AndroidManifest.xml:36:19-47
59        <activity
59-->[com.kakao.sdk:v2-auth:2.2.0] AndroidManifest.xml:12:9-16:56
60            android:name="com.kakao.sdk.auth.TalkAuthCodeActivity"
60-->[com.kakao.sdk:v2-auth:2.2.0] AndroidManifest.xml:13:13-67
61            android:exported="false"
61-->[com.kakao.sdk:v2-auth:2.2.0] AndroidManifest.xml:14:13-37
62            android:launchMode="singleTask"
62-->[com.kakao.sdk:v2-auth:2.2.0] AndroidManifest.xml:15:13-44
63            android:theme="@style/TransparentCompat" />
63-->[com.kakao.sdk:v2-auth:2.2.0] AndroidManifest.xml:16:13-53
64    </application>
65
66</manifest>